2019-04-23 08:30:06.945 - INFO  [  restartedMain] o.s.b.StartupInfoLogger        : Starting EmpsystemApplication on DESKTOP-I1AGPVI with PID 15044 (D:\IdeaWorkSpace\empsystem\target\classes started by Liu in D:\IdeaWorkSpace\empsystem)
2019-04-23 08:30:07.195 - INFO  [  restartedMain] o.s.b.SpringApplication        : No active profile set, falling back to default profiles: default
2019-04-23 08:30:07.226 - INFO  [  restartedMain] o.s.b.l.DeferredLog            : Devtools property defaults active! Set 'spring.devtools.add-properties' to 'false' to disable
2019-04-23 08:30:07.226 - INFO  [  restartedMain] o.s.b.l.DeferredLog            : For additional web related logging consider setting the 'logging.level.web' property to 'DEBUG'
2019-04-23 08:30:08.664 - INFO  [  restartedMain] o.s.b.w.e.t.TomcatWebServer    : Tomcat initialized with port(s): 8080 (http)
2019-04-23 08:30:08.679 - INFO  [  restartedMain] o.a.j.l.DirectJDKLog           : Initializing ProtocolHandler ["http-nio-8080"]
2019-04-23 08:30:08.679 - INFO  [  restartedMain] o.a.j.l.DirectJDKLog           : Starting service [Tomcat]
2019-04-23 08:30:08.695 - INFO  [  restartedMain] o.a.j.l.DirectJDKLog           : Starting Servlet engine: [Apache Tomcat/9.0.17]
2019-04-23 08:30:08.805 - INFO  [  restartedMain] o.a.j.l.DirectJDKLog           : Initializing Spring embedded WebApplicationContext
2019-04-23 08:30:08.805 - INFO  [  restartedMain] letWebServerApplicationContext : Root WebApplicationContext: initialization completed in 1579 ms
2019-04-23 08:30:09.414 - INFO  [  restartedMain] s.w.DefaultSecurityFilterChain : Creating filter chain: any request, [org.springframework.security.web.context.request.async.WebAsyncManagerIntegrationFilter@15853748, org.springframework.security.web.context.SecurityContextPersistenceFilter@39d4515d, org.springframework.security.web.header.HeaderWriterFilter@38aaa922, org.springframework.security.web.authentication.logout.LogoutFilter@265810b2, org.springframework.security.web.authentication.UsernamePasswordAuthenticationFilter@5f18a0f9, org.springframework.security.web.savedrequest.RequestCacheAwareFilter@65bb97d3, org.springframework.security.web.servletapi.SecurityContextHolderAwareRequestFilter@1d345f7, org.springframework.security.web.authentication.AnonymousAuthenticationFilter@6ded3a00, org.springframework.security.web.session.SessionManagementFilter@524521d4, org.springframework.security.web.access.ExceptionTranslationFilter@724e9e6d, org.springframework.security.web.access.intercept.FilterSecurityInterceptor@364ebe32]
2019-04-23 08:30:09.555 - INFO  [  restartedMain] c.ExecutorConfigurationSupport : Initializing ExecutorService 'applicationTaskExecutor'
2019-04-23 08:30:09.914 - INFO  [  restartedMain] b.d.a.OptionalLiveReloadServer : LiveReload server is running on port 35729
2019-04-23 08:30:09.945 - INFO  [  restartedMain] o.a.j.l.DirectJDKLog           : Starting ProtocolHandler ["http-nio-8080"]
2019-04-23 08:30:09.961 - INFO  [  restartedMain] o.s.b.w.e.t.TomcatWebServer    : Tomcat started on port(s): 8080 (http) with context path ''
2019-04-23 08:30:09.961 - INFO  [  restartedMain] o.s.b.StartupInfoLogger        : Started EmpsystemApplication in 3.516 seconds (JVM running for 5.865)
2019-04-23 08:30:14.915 - INFO  [nio-8080-exec-1] o.a.j.l.DirectJDKLog           : Initializing Spring DispatcherServlet 'dispatcherServlet'
2019-04-23 08:30:14.915 - INFO  [nio-8080-exec-1] o.s.w.s.FrameworkServlet       : Initializing Servlet 'dispatcherServlet'
2019-04-23 08:30:14.930 - INFO  [nio-8080-exec-1] o.s.w.s.FrameworkServlet       : Completed initialization in 15 ms
2019-04-23 08:30:17.570 - INFO  [nio-8080-exec-5] c.z.h.HikariDataSource         : HikariPool-1 - Starting...
2019-04-23 08:30:17.697 - INFO  [nio-8080-exec-5] c.z.h.HikariDataSource         : HikariPool-1 - Start completed.
