2019-04-18 09:44:46.394 - INFO  [  restartedMain] o.s.b.StartupInfoLogger        : Starting EmpsystemApplication on DESKTOP-I1AGPVI with PID 10848 (D:\IdeaWorkSpace\empsystem\target\classes started by Liu in D:\IdeaWorkSpace\empsystem)
2019-04-18 09:44:46.631 - INFO  [  restartedMain] o.s.b.SpringApplication        : No active profile set, falling back to default profiles: default
2019-04-18 09:44:46.667 - INFO  [  restartedMain] o.s.b.l.DeferredLog            : Devtools property defaults active! Set 'spring.devtools.add-properties' to 'false' to disable
2019-04-18 09:44:46.667 - INFO  [  restartedMain] o.s.b.l.DeferredLog            : For additional web related logging consider setting the 'logging.level.web' property to 'DEBUG'
2019-04-18 09:44:48.115 - INFO  [  restartedMain] o.s.b.w.e.t.TomcatWebServer    : Tomcat initialized with port(s): 8080 (http)
2019-04-18 09:44:48.137 - INFO  [  restartedMain] o.a.j.l.DirectJDKLog           : Initializing ProtocolHandler ["http-nio-8080"]
2019-04-18 09:44:48.145 - INFO  [  restartedMain] o.a.j.l.DirectJDKLog           : Starting service [Tomcat]
2019-04-18 09:44:48.146 - INFO  [  restartedMain] o.a.j.l.DirectJDKLog           : Starting Servlet engine: [Apache Tomcat/9.0.17]
2019-04-18 09:44:48.269 - INFO  [  restartedMain] o.a.j.l.DirectJDKLog           : Initializing Spring embedded WebApplicationContext
2019-04-18 09:44:48.269 - INFO  [  restartedMain] letWebServerApplicationContext : Root WebApplicationContext: initialization completed in 1601 ms
2019-04-18 09:44:48.833 - INFO  [  restartedMain] s.w.DefaultSecurityFilterChain : Creating filter chain: any request, [org.springframework.security.web.context.request.async.WebAsyncManagerIntegrationFilter@30b587be, org.springframework.security.web.context.SecurityContextPersistenceFilter@6694d8ab, org.springframework.security.web.header.HeaderWriterFilter@39814a0d, org.springframework.security.web.authentication.logout.LogoutFilter@28ee3a7e, org.springframework.security.web.authentication.UsernamePasswordAuthenticationFilter@1d63e88e, org.springframework.security.web.savedrequest.RequestCacheAwareFilter@4b64f5ed, org.springframework.security.web.servletapi.SecurityContextHolderAwareRequestFilter@4ff16158, org.springframework.security.web.authentication.AnonymousAuthenticationFilter@1ac536fe, org.springframework.security.web.session.SessionManagementFilter@7d670450, org.springframework.security.web.access.ExceptionTranslationFilter@4f3c8ce3, org.springframework.security.web.access.intercept.FilterSecurityInterceptor@12997d7]
2019-04-18 09:44:48.964 - INFO  [  restartedMain] c.ExecutorConfigurationSupport : Initializing ExecutorService 'applicationTaskExecutor'
2019-04-18 09:44:49.075 - WARN  [  restartedMain] o.t.t.TemplateMode             : [THYMELEAF][restartedMain] Template Mode 'LEGACYHTML5' is deprecated. Using Template Mode 'HTML' instead.
2019-04-18 09:44:49.337 - INFO  [  restartedMain] b.d.a.OptionalLiveReloadServer : LiveReload server is running on port 35729
2019-04-18 09:44:49.363 - INFO  [  restartedMain] o.a.j.l.DirectJDKLog           : Starting ProtocolHandler ["http-nio-8080"]
2019-04-18 09:44:49.385 - INFO  [  restartedMain] o.s.b.w.e.t.TomcatWebServer    : Tomcat started on port(s): 8080 (http) with context path ''
2019-04-18 09:44:49.388 - INFO  [  restartedMain] o.s.b.StartupInfoLogger        : Started EmpsystemApplication in 3.431 seconds (JVM running for 5.322)
2019-04-18 09:44:54.737 - INFO  [nio-8080-exec-1] o.a.j.l.DirectJDKLog           : Initializing Spring DispatcherServlet 'dispatcherServlet'
2019-04-18 09:44:54.738 - INFO  [nio-8080-exec-1] o.s.w.s.FrameworkServlet       : Initializing Servlet 'dispatcherServlet'
2019-04-18 09:44:54.746 - INFO  [nio-8080-exec-1] o.s.w.s.FrameworkServlet       : Completed initialization in 8 ms
2019-04-18 09:44:57.921 - INFO  [nio-8080-exec-5] c.z.h.HikariDataSource         : HikariPool-1 - Starting...
2019-04-18 09:44:58.045 - INFO  [nio-8080-exec-5] c.z.h.HikariDataSource         : HikariPool-1 - Start completed.
2019-04-18 09:46:02.266 - WARN  [nio-8080-exec-7] .s.s.c.b.BCryptPasswordEncoder : Encoded password does not look like BCrypt
